<?xml version="1.0" encoding="UTF-8"?>
<robot generator="Robot 6.1.1 (Python 3.10.5 on win32)" generated="20231106 01:14:35.840" rpa="false" schemaversion="4">
<suite id="s1" name="Tests" source="C:\Users\juho_\OneDrive\Desktop\ohtupalautus\viikko1\viikko3\login-robot\src\tests">
<suite id="s1-s1" name="Login" source="C:\Users\juho_\OneDrive\Desktop\ohtupalautus\viikko1\viikko3\login-robot\src\tests\login.robot">
<test id="s1-s1-t1" name="Login With Correct Credentials" line="6">
<kw name="Create User And Input Login Command" type="SETUP">
<kw name="Create User" library="AppLibrary">
<arg>kalle</arg>
<arg>kalle123</arg>
<status status="PASS" starttime="20231106 01:14:35.893" endtime="20231106 01:14:35.893"/>
</kw>
<kw name="Input Login Command" library="resource">
<kw name="Input" library="AppLibrary">
<arg>login</arg>
<status status="PASS" starttime="20231106 01:14:35.894" endtime="20231106 01:14:35.894"/>
</kw>
<status status="PASS" starttime="20231106 01:14:35.894" endtime="20231106 01:14:35.894"/>
</kw>
<status status="PASS" starttime="20231106 01:14:35.893" endtime="20231106 01:14:35.894"/>
</kw>
<kw name="Input Credentials" library="resource">
<arg>kalle</arg>
<arg>kalle123</arg>
<kw name="Input" library="AppLibrary">
<arg>${username}</arg>
<status status="PASS" starttime="20231106 01:14:35.895" endtime="20231106 01:14:35.896"/>
</kw>
<kw name="Input" library="AppLibrary">
<arg>${password}</arg>
<status status="PASS" starttime="20231106 01:14:35.896" endtime="20231106 01:14:35.896"/>
</kw>
<kw name="Run Application" library="AppLibrary">
<status status="PASS" starttime="20231106 01:14:35.896" endtime="20231106 01:14:35.896"/>
</kw>
<status status="PASS" starttime="20231106 01:14:35.895" endtime="20231106 01:14:35.896"/>
</kw>
<kw name="Output Should Contain" library="AppLibrary">
<arg>Logged in</arg>
<status status="PASS" starttime="20231106 01:14:35.897" endtime="20231106 01:14:35.897"/>
</kw>
<status status="PASS" starttime="20231106 01:14:35.892" endtime="20231106 01:14:35.898"/>
</test>
<test id="s1-s1-t2" name="Login With Incorrect Password" line="16">
<kw name="Create User And Input Login Command" type="SETUP">
<kw name="Create User" library="AppLibrary">
<arg>kalle</arg>
<arg>kalle123</arg>
<status status="PASS" starttime="20231106 01:14:35.901" endtime="20231106 01:14:35.902"/>
</kw>
<kw name="Input Login Command" library="resource">
<kw name="Input" library="AppLibrary">
<arg>login</arg>
<status status="PASS" starttime="20231106 01:14:35.902" endtime="20231106 01:14:35.903"/>
</kw>
<status status="PASS" starttime="20231106 01:14:35.902" endtime="20231106 01:14:35.903"/>
</kw>
<status status="PASS" starttime="20231106 01:14:35.901" endtime="20231106 01:14:35.903"/>
</kw>
<kw name="Input Credentials" library="resource">
<arg>kalle</arg>
<arg>kalle12</arg>
<kw name="Input" library="AppLibrary">
<arg>${username}</arg>
<status status="PASS" starttime="20231106 01:14:35.904" endtime="20231106 01:14:35.904"/>
</kw>
<kw name="Input" library="AppLibrary">
<arg>${password}</arg>
<status status="PASS" starttime="20231106 01:14:35.904" endtime="20231106 01:14:35.904"/>
</kw>
<kw name="Run Application" library="AppLibrary">
<status status="PASS" starttime="20231106 01:14:35.905" endtime="20231106 01:14:35.905"/>
</kw>
<status status="PASS" starttime="20231106 01:14:35.904" endtime="20231106 01:14:35.905"/>
</kw>
<kw name="Output Should Contain" library="AppLibrary">
<arg>Invalid username or password</arg>
<status status="PASS" starttime="20231106 01:14:35.905" endtime="20231106 01:14:35.905"/>
</kw>
<status status="PASS" starttime="20231106 01:14:35.900" endtime="20231106 01:14:35.906"/>
</test>
<test id="s1-s1-t3" name="Login With Nonexistent Username" line="20">
<kw name="Create User And Input Login Command" type="SETUP">
<kw name="Create User" library="AppLibrary">
<arg>kalle</arg>
<arg>kalle123</arg>
<status status="PASS" starttime="20231106 01:14:35.909" endtime="20231106 01:14:35.909"/>
</kw>
<kw name="Input Login Command" library="resource">
<kw name="Input" library="AppLibrary">
<arg>login</arg>
<status status="PASS" starttime="20231106 01:14:35.909" endtime="20231106 01:14:35.909"/>
</kw>
<status status="PASS" starttime="20231106 01:14:35.909" endtime="20231106 01:14:35.910"/>
</kw>
<status status="PASS" starttime="20231106 01:14:35.908" endtime="20231106 01:14:35.910"/>
</kw>
<kw name="Input Credentials" library="resource">
<arg>kall</arg>
<arg>kalle123</arg>
<kw name="Input" library="AppLibrary">
<arg>${username}</arg>
<status status="PASS" starttime="20231106 01:14:35.910" endtime="20231106 01:14:35.911"/>
</kw>
<kw name="Input" library="AppLibrary">
<arg>${password}</arg>
<status status="PASS" starttime="20231106 01:14:35.911" endtime="20231106 01:14:35.911"/>
</kw>
<kw name="Run Application" library="AppLibrary">
<status status="PASS" starttime="20231106 01:14:35.911" endtime="20231106 01:14:35.911"/>
</kw>
<status status="PASS" starttime="20231106 01:14:35.910" endtime="20231106 01:14:35.911"/>
</kw>
<kw name="Output Should Contain" library="AppLibrary">
<arg>Invalid username or password</arg>
<status status="PASS" starttime="20231106 01:14:35.912" endtime="20231106 01:14:35.912"/>
</kw>
<status status="PASS" starttime="20231106 01:14:35.908" endtime="20231106 01:14:35.913"/>
</test>
<status status="PASS" starttime="20231106 01:14:35.872" endtime="20231106 01:14:35.915"/>
</suite>
<suite id="s1-s2" name="Register" source="C:\Users\juho_\OneDrive\Desktop\ohtupalautus\viikko1\viikko3\login-robot\src\tests\register.robot">
<test id="s1-s2-t1" name="Register With Valid Username And Password" line="5">
<kw name="Create User" library="AppLibrary">
<arg>Juho</arg>
<arg>juho1234</arg>
<status status="PASS" starttime="20231106 01:14:35.926" endtime="20231106 01:14:35.926"/>
</kw>
<kw name="Input Login Command" library="resource">
<kw name="Input" library="AppLibrary">
<arg>login</arg>
<status status="PASS" starttime="20231106 01:14:35.927" endtime="20231106 01:14:35.927"/>
</kw>
<status status="PASS" starttime="20231106 01:14:35.926" endtime="20231106 01:14:35.927"/>
</kw>
<kw name="Input Credentials" library="resource">
<arg>Juho</arg>
<arg>juho1234</arg>
<kw name="Input" library="AppLibrary">
<arg>${username}</arg>
<status status="PASS" starttime="20231106 01:14:35.928" endtime="20231106 01:14:35.928"/>
</kw>
<kw name="Input" library="AppLibrary">
<arg>${password}</arg>
<status status="PASS" starttime="20231106 01:14:35.928" endtime="20231106 01:14:35.928"/>
</kw>
<kw name="Run Application" library="AppLibrary">
<status status="PASS" starttime="20231106 01:14:35.928" endtime="20231106 01:14:35.928"/>
</kw>
<status status="PASS" starttime="20231106 01:14:35.927" endtime="20231106 01:14:35.928"/>
</kw>
<kw name="Output Should Contain" library="AppLibrary">
<arg>Logged in</arg>
<status status="PASS" starttime="20231106 01:14:35.929" endtime="20231106 01:14:35.929"/>
</kw>
<status status="PASS" starttime="20231106 01:14:35.925" endtime="20231106 01:14:35.930"/>
</test>
<test id="s1-s2-t2" name="Register With Already Taken Username And Valid Password" line="11">
<kw name="Create User" library="AppLibrary">
<arg>Juho</arg>
<arg>juho1234</arg>
<status status="PASS" starttime="20231106 01:14:35.932" endtime="20231106 01:14:35.933"/>
</kw>
<kw name="Input New Command" library="resource">
<kw name="Input" library="AppLibrary">
<arg>new</arg>
<status status="PASS" starttime="20231106 01:14:35.934" endtime="20231106 01:14:35.934"/>
</kw>
<status status="PASS" starttime="20231106 01:14:35.933" endtime="20231106 01:14:35.934"/>
</kw>
<kw name="Input Credentials" library="resource">
<arg>Juho</arg>
<arg>juho1234</arg>
<kw name="Input" library="AppLibrary">
<arg>${username}</arg>
<status status="PASS" starttime="20231106 01:14:35.935" endtime="20231106 01:14:35.935"/>
</kw>
<kw name="Input" library="AppLibrary">
<arg>${password}</arg>
<status status="PASS" starttime="20231106 01:14:35.935" endtime="20231106 01:14:35.936"/>
</kw>
<kw name="Run Application" library="AppLibrary">
<status status="PASS" starttime="20231106 01:14:35.936" endtime="20231106 01:14:35.936"/>
</kw>
<status status="PASS" starttime="20231106 01:14:35.935" endtime="20231106 01:14:35.936"/>
</kw>
<kw name="Output Should Contain" library="AppLibrary">
<arg>User with username Juho already exists</arg>
<status status="PASS" starttime="20231106 01:14:35.937" endtime="20231106 01:14:35.937"/>
</kw>
<status status="PASS" starttime="20231106 01:14:35.931" endtime="20231106 01:14:35.938"/>
</test>
<test id="s1-s2-t3" name="Register With Too Short Username And Valid Password" line="17">
<kw name="Input New Command" library="resource">
<kw name="Input" library="AppLibrary">
<arg>new</arg>
<status status="PASS" starttime="20231106 01:14:35.941" endtime="20231106 01:14:35.941"/>
</kw>
<status status="PASS" starttime="20231106 01:14:35.941" endtime="20231106 01:14:35.941"/>
</kw>
<kw name="Input Credentials" library="resource">
<arg>Ju</arg>
<arg>juho1234</arg>
<kw name="Input" library="AppLibrary">
<arg>${username}</arg>
<status status="PASS" starttime="20231106 01:14:35.942" endtime="20231106 01:14:35.942"/>
</kw>
<kw name="Input" library="AppLibrary">
<arg>${password}</arg>
<status status="PASS" starttime="20231106 01:14:35.942" endtime="20231106 01:14:35.943"/>
</kw>
<kw name="Run Application" library="AppLibrary">
<status status="PASS" starttime="20231106 01:14:35.943" endtime="20231106 01:14:35.943"/>
</kw>
<status status="PASS" starttime="20231106 01:14:35.942" endtime="20231106 01:14:35.943"/>
</kw>
<kw name="Output Should Contain" library="AppLibrary">
<arg>Username should be atleast 3 characters long</arg>
<status status="PASS" starttime="20231106 01:14:35.944" endtime="20231106 01:14:35.944"/>
</kw>
<status status="PASS" starttime="20231106 01:14:35.940" endtime="20231106 01:14:35.944"/>
</test>
<test id="s1-s2-t4" name="Register With Enough Long But Invald Username And Valid Password" line="22">
<kw name="Input New Command" library="resource">
<kw name="Input" library="AppLibrary">
<arg>new</arg>
<status status="PASS" starttime="20231106 01:14:35.947" endtime="20231106 01:14:35.947"/>
</kw>
<status status="PASS" starttime="20231106 01:14:35.947" endtime="20231106 01:14:35.948"/>
</kw>
<kw name="Input Credentials" library="resource">
<arg>juho1234</arg>
<arg>juho1234</arg>
<kw name="Input" library="AppLibrary">
<arg>${username}</arg>
<status status="PASS" starttime="20231106 01:14:35.948" endtime="20231106 01:14:35.949"/>
</kw>
<kw name="Input" library="AppLibrary">
<arg>${password}</arg>
<status status="PASS" starttime="20231106 01:14:35.949" endtime="20231106 01:14:35.949"/>
</kw>
<kw name="Run Application" library="AppLibrary">
<status status="PASS" starttime="20231106 01:14:35.949" endtime="20231106 01:14:35.950"/>
</kw>
<status status="PASS" starttime="20231106 01:14:35.948" endtime="20231106 01:14:35.950"/>
</kw>
<kw name="Output Should Contain" library="AppLibrary">
<arg>Username should be atleast 3 characters long</arg>
<status status="PASS" starttime="20231106 01:14:35.950" endtime="20231106 01:14:35.951"/>
</kw>
<status status="PASS" starttime="20231106 01:14:35.946" endtime="20231106 01:14:35.951"/>
</test>
<test id="s1-s2-t5" name="Register With Valid Username And Too Short Password" line="27">
<kw name="Input New Command" library="resource">
<kw name="Input" library="AppLibrary">
<arg>new</arg>
<status status="PASS" starttime="20231106 01:14:35.954" endtime="20231106 01:14:35.954"/>
</kw>
<status status="PASS" starttime="20231106 01:14:35.954" endtime="20231106 01:14:35.955"/>
</kw>
<kw name="Input Credentials" library="resource">
<arg>Juho</arg>
<arg>juho123</arg>
<kw name="Input" library="AppLibrary">
<arg>${username}</arg>
<status status="PASS" starttime="20231106 01:14:35.955" endtime="20231106 01:14:35.956"/>
</kw>
<kw name="Input" library="AppLibrary">
<arg>${password}</arg>
<status status="PASS" starttime="20231106 01:14:35.956" endtime="20231106 01:14:35.956"/>
</kw>
<kw name="Run Application" library="AppLibrary">
<status status="PASS" starttime="20231106 01:14:35.956" endtime="20231106 01:14:35.956"/>
</kw>
<status status="PASS" starttime="20231106 01:14:35.955" endtime="20231106 01:14:35.956"/>
</kw>
<kw name="Output Should Contain" library="AppLibrary">
<arg>Password needs to be more than 7 charcters</arg>
<status status="PASS" starttime="20231106 01:14:35.957" endtime="20231106 01:14:35.957"/>
</kw>
<status status="PASS" starttime="20231106 01:14:35.953" endtime="20231106 01:14:35.958"/>
</test>
<test id="s1-s2-t6" name="Register With Valid Username And Long Enough Password Containing Only Letters" line="32">
<kw name="Input New Command" library="resource">
<kw name="Input" library="AppLibrary">
<arg>new</arg>
<status status="PASS" starttime="20231106 01:14:35.961" endtime="20231106 01:14:35.962"/>
</kw>
<status status="PASS" starttime="20231106 01:14:35.960" endtime="20231106 01:14:35.962"/>
</kw>
<kw name="Input Credentials" library="resource">
<arg>Juho</arg>
<arg>juhojuho</arg>
<kw name="Input" library="AppLibrary">
<arg>${username}</arg>
<status status="PASS" starttime="20231106 01:14:35.963" endtime="20231106 01:14:35.963"/>
</kw>
<kw name="Input" library="AppLibrary">
<arg>${password}</arg>
<status status="PASS" starttime="20231106 01:14:35.963" endtime="20231106 01:14:35.963"/>
</kw>
<kw name="Run Application" library="AppLibrary">
<status status="PASS" starttime="20231106 01:14:35.963" endtime="20231106 01:14:35.963"/>
</kw>
<status status="PASS" starttime="20231106 01:14:35.962" endtime="20231106 01:14:35.963"/>
</kw>
<kw name="Output Should Contain" library="AppLibrary">
<arg>Password needs to contain other than alphabetic characters</arg>
<status status="PASS" starttime="20231106 01:14:35.964" endtime="20231106 01:14:35.964"/>
</kw>
<status status="PASS" starttime="20231106 01:14:35.960" endtime="20231106 01:14:35.965"/>
</test>
<status status="PASS" starttime="20231106 01:14:35.918" endtime="20231106 01:14:35.967"/>
</suite>
<status status="PASS" starttime="20231106 01:14:35.842" endtime="20231106 01:14:35.970"/>
</suite>
<statistics>
<total>
<stat pass="9" fail="0" skip="0">All Tests</stat>
</total>
<tag>
</tag>
<suite>
<stat pass="9" fail="0" skip="0" id="s1" name="Tests">Tests</stat>
<stat pass="3" fail="0" skip="0" id="s1-s1" name="Login">Tests.Login</stat>
<stat pass="6" fail="0" skip="0" id="s1-s2" name="Register">Tests.Register</stat>
</suite>
</statistics>
<errors>
</errors>
</robot>
